------------------------------------------------------------------------------------------------------------------------

[2024-12-12 10:39:41 #1 store] 
Database 'C:\Windows\System32\src\main\resources\rides.temp' is opened by 3748@LAPTOP-ITGLNV29

[2024-12-12 10:39:42 #2 type.registry] 
New type domain.User

[2024-12-12 10:39:42 #3 type.registry] 
New type domain.Driver

[2024-12-12 10:39:42 #4 type] 
Type domain.User is not enhanced.

[2024-12-12 10:39:42 #5 type] 
Type domain.Driver is not enhanced.

[2024-12-12 10:39:42 #6 type.registry] 
New type domain.Ride

[2024-12-12 10:39:42 #7 type] 
Type domain.Ride is not enhanced.

[2024-12-12 10:39:42 #8 type.registry] 
New type java.util.Vector<java.lang.Object>

[2024-12-12 10:39:42 #9 type.registry] 
New type java.util.Vector<domain.Ride>

[2024-12-12 10:39:56 #10 type.registry] 
New type domain.Traveler

[2024-12-12 10:39:56 #11 type] 
Type domain.Traveler is not enhanced.

------------------------------------------------------------------------------------------------------------------------

[2024-12-12 11:19:35 #1 store] 
Database 'C:\Windows\System32\src\main\resources\rides.temp' is opened by 24160@LAPTOP-ITGLNV29

[2024-12-12 11:19:36 #2 type.registry] 
New type domain.User

[2024-12-12 11:19:36 #3 type.registry] 
New type domain.Driver

[2024-12-12 11:19:36 #4 type] 
Type domain.User is not enhanced.

[2024-12-12 11:19:36 #5 type] 
Type domain.Driver is not enhanced.

[2024-12-12 11:19:36 #6 type.registry] 
New type domain.Ride

[2024-12-12 11:19:36 #7 type] 
Type domain.Ride is not enhanced.

[2024-12-12 11:19:36 #8 type.registry] 
New type java.util.Vector<java.lang.Object>

[2024-12-12 11:19:36 #9 type.registry] 
New type java.util.Vector<domain.Ride>

------------------------------------------------------------------------------------------------------------------------

[2024-12-12 11:24:01 #1 store] 
Database 'C:\Windows\System32\src\main\resources\rides.temp' is opened by 35452@LAPTOP-ITGLNV29

[2024-12-12 11:24:02 #2 type.registry] 
New type domain.User

[2024-12-12 11:24:02 #3 type.registry] 
New type domain.Driver

[2024-12-12 11:24:02 #4 type] 
Type domain.User is not enhanced.

[2024-12-12 11:24:02 #5 type] 
Type domain.Driver is not enhanced.

[2024-12-12 11:24:02 #6 type.registry] 
New type domain.Ride

[2024-12-12 11:24:02 #7 type] 
Type domain.Ride is not enhanced.

[2024-12-12 11:24:02 #8 type.registry] 
New type java.util.Vector<java.lang.Object>

[2024-12-12 11:24:02 #9 type.registry] 
New type java.util.Vector<domain.Ride>

[2024-12-12 11:24:19 #10 type.registry] 
New type domain.Traveler

[2024-12-12 11:24:19 #11 type] 
Type domain.Traveler is not enhanced.

------------------------------------------------------------------------------------------------------------------------

[2024-12-12 11:27:48 #1 store] 
Database 'C:\Windows\System32\src\main\resources\rides.temp' is opened by 30080@LAPTOP-ITGLNV29

[2024-12-12 11:27:48 #2 type.registry] 
New type domain.User

[2024-12-12 11:27:48 #3 type.registry] 
New type domain.Driver

[2024-12-12 11:27:48 #4 type] 
Type domain.User is not enhanced.

[2024-12-12 11:27:48 #5 type] 
Type domain.Driver is not enhanced.

[2024-12-12 11:27:48 #6 type.registry] 
New type domain.Ride

[2024-12-12 11:27:48 #7 type] 
Type domain.Ride is not enhanced.

[2024-12-12 11:27:48 #8 type.registry] 
New type java.util.Vector<java.lang.Object>

[2024-12-12 11:27:48 #9 type.registry] 
New type java.util.Vector<domain.Ride>

------------------------------------------------------------------------------------------------------------------------

[2024-12-12 11:32:42 #1 store] 
Database 'C:\Windows\System32\src\main\resources\rides.temp' is opened by 34064@LAPTOP-ITGLNV29

[2024-12-12 11:32:43 #2 type.registry] 
New type domain.User

[2024-12-12 11:32:43 #3 type.registry] 
New type domain.Driver

[2024-12-12 11:32:43 #4 type] 
Type domain.User is not enhanced.

[2024-12-12 11:32:43 #5 type] 
Type domain.Driver is not enhanced.

[2024-12-12 11:32:43 #6 type.registry] 
New type domain.Ride

[2024-12-12 11:32:43 #7 type] 
Type domain.Ride is not enhanced.

[2024-12-12 11:32:43 #8 type.registry] 
New type java.util.Vector<java.lang.Object>

[2024-12-12 11:32:43 #9 type.registry] 
New type java.util.Vector<domain.Ride>

------------------------------------------------------------------------------------------------------------------------

[2024-12-12 11:38:27 #1 store] 
Database 'C:\Windows\System32\src\main\resources\rides.temp' is opened by 13796@LAPTOP-ITGLNV29

[2024-12-12 11:38:27 #2 type.registry] 
New type domain.User

[2024-12-12 11:38:27 #3 type.registry] 
New type domain.Driver

[2024-12-12 11:38:27 #4 type] 
Type domain.User is not enhanced.

[2024-12-12 11:38:27 #5 type] 
Type domain.Driver is not enhanced.

[2024-12-12 11:38:27 #6 type.registry] 
New type domain.Ride

[2024-12-12 11:38:27 #7 type] 
Type domain.Ride is not enhanced.

[2024-12-12 11:38:27 #8 type.registry] 
New type java.util.Vector<java.lang.Object>

[2024-12-12 11:38:27 #9 type.registry] 
New type java.util.Vector<domain.Ride>

------------------------------------------------------------------------------------------------------------------------

[2024-12-12 11:56:21 #1 store] 
Database 'C:\Windows\System32\src\main\resources\rides.temp' is opened by 18360@LAPTOP-ITGLNV29

[2024-12-12 11:56:21 #2 type.registry] 
New type domain.User

[2024-12-12 11:56:21 #3 type.registry] 
New type domain.Driver

[2024-12-12 11:56:21 #4 type] 
Type domain.User is not enhanced.

[2024-12-12 11:56:21 #5 type] 
Type domain.Driver is not enhanced.

[2024-12-12 11:56:21 #6 type.registry] 
New type domain.Ride

[2024-12-12 11:56:21 #7 type] 
Type domain.Ride is not enhanced.

[2024-12-12 11:56:21 #8 type.registry] 
New type java.util.Vector<java.lang.Object>

[2024-12-12 11:56:21 #9 type.registry] 
New type java.util.Vector<domain.Ride>

[2024-12-12 11:56:22 #10 type.registry] 
New type domain.Traveler

[2024-12-12 11:56:22 #11 type] 
Type domain.Traveler is not enhanced.

------------------------------------------------------------------------------------------------------------------------

[2024-12-12 11:58:04 #1 store] 
Database 'C:\Windows\System32\src\main\resources\rides.temp' is opened by 9716@LAPTOP-ITGLNV29

[2024-12-12 11:58:05 #2 type.registry] 
New type domain.User

[2024-12-12 11:58:05 #3 type.registry] 
New type domain.Driver

[2024-12-12 11:58:05 #4 type] 
Type domain.User is not enhanced.

[2024-12-12 11:58:05 #5 type] 
Type domain.Driver is not enhanced.

[2024-12-12 11:58:05 #6 type.registry] 
New type domain.Ride

[2024-12-12 11:58:05 #7 type] 
Type domain.Ride is not enhanced.

[2024-12-12 11:58:05 #8 type.registry] 
New type java.util.Vector<java.lang.Object>

[2024-12-12 11:58:05 #9 type.registry] 
New type java.util.Vector<domain.Ride>

------------------------------------------------------------------------------------------------------------------------

[2024-12-12 12:02:43 #1 store] 
Database 'C:\Windows\System32\src\main\resources\rides.temp' is opened by 24732@LAPTOP-ITGLNV29

[2024-12-12 12:02:44 #2 type.registry] 
New type domain.User

[2024-12-12 12:02:44 #3 type.registry] 
New type domain.Driver

[2024-12-12 12:02:44 #4 type] 
Type domain.User is not enhanced.

[2024-12-12 12:02:44 #5 type] 
Type domain.Driver is not enhanced.

[2024-12-12 12:02:44 #6 type.registry] 
New type domain.Ride

[2024-12-12 12:02:44 #7 type] 
Type domain.Ride is not enhanced.

[2024-12-12 12:02:44 #8 type.registry] 
New type java.util.Vector<java.lang.Object>

[2024-12-12 12:02:44 #9 type.registry] 
New type java.util.Vector<domain.Ride>

