------------------------------------------------------------------------------------------------------------------------

[2024-12-06 18:51:18 #1 store] 
Database 'C:\Windows\System32\src\main\resources\rides.temp' is opened by 28108@LAPTOP-ITGLNV29

[2024-12-06 18:51:18 #2 type.registry] 
New type domain.Driver

[2024-12-06 18:51:18 #3 type] 
Type domain.Driver is not enhanced.

[2024-12-06 18:51:18 #4 type.registry] 
New type domain.Ride

[2024-12-06 18:51:18 #5 type] 
Type domain.Ride is not enhanced.

[2024-12-06 18:51:18 #6 type.registry] 
New type java.util.Vector<java.lang.Object>

[2024-12-06 18:51:18 #7 type.registry] 
New type java.util.Vector<domain.Ride>

------------------------------------------------------------------------------------------------------------------------

[2024-12-06 18:57:24 #1 store] 
Database 'C:\Windows\System32\src\main\resources\rides.temp' is opened by 19624@LAPTOP-ITGLNV29

[2024-12-06 18:57:24 #2 type.registry] 
New type domain.Driver

[2024-12-06 18:57:24 #3 type] 
Type domain.Driver is not enhanced.

[2024-12-06 18:57:25 #4 type.registry] 
New type domain.Ride

[2024-12-06 18:57:25 #5 type] 
Type domain.Ride is not enhanced.

[2024-12-06 18:57:25 #6 type.registry] 
New type java.util.Vector<java.lang.Object>

[2024-12-06 18:57:25 #7 type.registry] 
New type java.util.Vector<domain.Ride>

------------------------------------------------------------------------------------------------------------------------

[2024-12-06 18:59:00 #1 store] 
Database 'C:\Windows\System32\src\main\resources\rides.temp' is opened by 12060@LAPTOP-ITGLNV29

[2024-12-06 18:59:00 #2 type.registry] 
New type domain.Driver

[2024-12-06 18:59:00 #3 type] 
Type domain.Driver is not enhanced.

[2024-12-06 18:59:00 #4 type.registry] 
New type domain.Ride

[2024-12-06 18:59:00 #5 type] 
Type domain.Ride is not enhanced.

[2024-12-06 18:59:00 #6 type.registry] 
New type java.util.Vector<java.lang.Object>

[2024-12-06 18:59:00 #7 type.registry] 
New type java.util.Vector<domain.Ride>

------------------------------------------------------------------------------------------------------------------------

[2024-12-06 18:59:57 #1 store] 
Database 'C:\Windows\System32\src\main\resources\rides.temp' is opened by 7800@LAPTOP-ITGLNV29

[2024-12-06 18:59:57 #2 type.registry] 
New type domain.Driver

[2024-12-06 18:59:57 #3 type] 
Type domain.Driver is not enhanced.

[2024-12-06 18:59:57 #4 type.registry] 
New type domain.Ride

[2024-12-06 18:59:57 #5 type] 
Type domain.Ride is not enhanced.

[2024-12-06 18:59:57 #6 type.registry] 
New type java.util.Vector<java.lang.Object>

[2024-12-06 18:59:57 #7 type.registry] 
New type java.util.Vector<domain.Ride>

------------------------------------------------------------------------------------------------------------------------

[2024-12-06 19:03:56 #1 store] 
Database 'C:\Windows\System32\src\main\resources\rides.temp' is opened by 25292@LAPTOP-ITGLNV29

[2024-12-06 19:03:56 #2 type.registry] 
New type domain.Driver

[2024-12-06 19:03:56 #3 type] 
Type domain.Driver is not enhanced.

[2024-12-06 19:03:56 #4 type.registry] 
New type domain.Ride

[2024-12-06 19:03:56 #5 type] 
Type domain.Ride is not enhanced.

[2024-12-06 19:03:56 #6 type.registry] 
New type java.util.Vector<java.lang.Object>

[2024-12-06 19:03:56 #7 type.registry] 
New type java.util.Vector<domain.Ride>

------------------------------------------------------------------------------------------------------------------------

[2024-12-06 19:06:16 #1 store] 
Database 'C:\Windows\System32\src\main\resources\rides.temp' is opened by 22488@LAPTOP-ITGLNV29

[2024-12-06 19:06:16 #2 type.registry] 
New type domain.Driver

[2024-12-06 19:06:16 #3 type] 
Type domain.Driver is not enhanced.

[2024-12-06 19:06:16 #4 type.registry] 
New type domain.Ride

[2024-12-06 19:06:16 #5 type] 
Type domain.Ride is not enhanced.

[2024-12-06 19:06:16 #6 type.registry] 
New type java.util.Vector<java.lang.Object>

[2024-12-06 19:06:16 #7 type.registry] 
New type java.util.Vector<domain.Ride>

------------------------------------------------------------------------------------------------------------------------

[2024-12-06 19:41:59 #1 store] 
Database 'C:\Windows\System32\src\main\resources\rides.temp' is opened by 24048@LAPTOP-ITGLNV29

[2024-12-06 19:42:00 #2 type.registry] 
New type domain.Driver

[2024-12-06 19:42:00 #3 type] 
Type domain.Driver is not enhanced.

[2024-12-06 19:42:00 #4 type.registry] 
New type domain.Ride

[2024-12-06 19:42:00 #5 type] 
Type domain.Ride is not enhanced.

[2024-12-06 19:42:00 #6 type.registry] 
New type java.util.Vector<java.lang.Object>

[2024-12-06 19:42:00 #7 type.registry] 
New type java.util.Vector<domain.Ride>

------------------------------------------------------------------------------------------------------------------------

[2024-12-06 19:43:15 #1 store] 
Database 'C:\Windows\System32\src\main\resources\rides.temp' is opened by 12080@LAPTOP-ITGLNV29

[2024-12-06 19:43:15 #2 type.registry] 
New type domain.Driver

[2024-12-06 19:43:15 #3 type] 
Type domain.Driver is not enhanced.

[2024-12-06 19:43:15 #4 type.registry] 
New type domain.Ride

[2024-12-06 19:43:15 #5 type] 
Type domain.Ride is not enhanced.

[2024-12-06 19:43:15 #6 type.registry] 
New type java.util.Vector<java.lang.Object>

[2024-12-06 19:43:15 #7 type.registry] 
New type java.util.Vector<domain.Ride>

------------------------------------------------------------------------------------------------------------------------

[2024-12-06 19:44:45 #1 store] 
Database 'C:\Windows\System32\src\main\resources\rides.temp' is opened by 8584@LAPTOP-ITGLNV29

[2024-12-06 19:44:45 #2 type.registry] 
New type domain.Driver

[2024-12-06 19:44:45 #3 type] 
Type domain.Driver is not enhanced.

[2024-12-06 19:44:45 #4 type.registry] 
New type domain.Ride

[2024-12-06 19:44:45 #5 type] 
Type domain.Ride is not enhanced.

[2024-12-06 19:44:45 #6 type.registry] 
New type java.util.Vector<java.lang.Object>

[2024-12-06 19:44:45 #7 type.registry] 
New type java.util.Vector<domain.Ride>

------------------------------------------------------------------------------------------------------------------------

[2024-12-06 19:46:52 #1 store] 
Database 'C:\Windows\System32\src\main\resources\rides.temp' is opened by 12600@LAPTOP-ITGLNV29

[2024-12-06 19:46:52 #2 type.registry] 
New type domain.Driver

[2024-12-06 19:46:52 #3 type] 
Type domain.Driver is not enhanced.

[2024-12-06 19:46:52 #4 type.registry] 
New type domain.Ride

[2024-12-06 19:46:52 #5 type] 
Type domain.Ride is not enhanced.

[2024-12-06 19:46:52 #6 type.registry] 
New type java.util.Vector<java.lang.Object>

[2024-12-06 19:46:52 #7 type.registry] 
New type java.util.Vector<domain.Ride>

------------------------------------------------------------------------------------------------------------------------

[2024-12-06 19:47:55 #1 store] 
Database 'C:\Windows\System32\src\main\resources\rides.temp' is opened by 7696@LAPTOP-ITGLNV29

[2024-12-06 19:47:56 #2 type.registry] 
New type domain.Driver

[2024-12-06 19:47:56 #3 type] 
Type domain.Driver is not enhanced.

[2024-12-06 19:47:56 #4 type.registry] 
New type domain.Ride

[2024-12-06 19:47:56 #5 type] 
Type domain.Ride is not enhanced.

[2024-12-06 19:47:56 #6 type.registry] 
New type java.util.Vector<java.lang.Object>

[2024-12-06 19:47:56 #7 type.registry] 
New type java.util.Vector<domain.Ride>

