------------------------------------------------------------------------------------------------------------------------

[2024-12-16 18:21:28 #1 store] 
Database 'C:\Windows\System32\src\main\resources\rides.temp' is opened by 3912@LAPTOP-ITGLNV29

[2024-12-16 18:21:28 #2 type.registry] 
New type domain.User

[2024-12-16 18:21:28 #3 type.registry] 
New type domain.Driver

[2024-12-16 18:21:28 #4 type] 
Type domain.User is not enhanced.

[2024-12-16 18:21:28 #5 type] 
Type domain.Driver is not enhanced.

[2024-12-16 18:21:28 #6 type.registry] 
New type domain.Ride

[2024-12-16 18:21:28 #7 type] 
Type domain.Ride is not enhanced.

[2024-12-16 18:21:28 #8 type.registry] 
New type java.util.Vector<java.lang.Object>

[2024-12-16 18:21:28 #9 type.registry] 
New type java.util.Vector<domain.Ride>

[2024-12-16 18:21:28 #10 type.registry] 
New type domain.Traveler

[2024-12-16 18:21:28 #11 type] 
Type domain.Traveler is not enhanced.

------------------------------------------------------------------------------------------------------------------------

[2024-12-16 18:24:47 #1 store] 
Database 'C:\Windows\System32\src\main\resources\rides.temp' is opened by 17324@LAPTOP-ITGLNV29

[2024-12-16 18:24:48 #2 type.registry] 
New type domain.User

[2024-12-16 18:24:48 #3 type.registry] 
New type domain.Driver

[2024-12-16 18:24:48 #4 type] 
Type domain.User is not enhanced.

[2024-12-16 18:24:48 #5 type] 
Type domain.Driver is not enhanced.

[2024-12-16 18:24:48 #6 type.registry] 
New type domain.Ride

[2024-12-16 18:24:48 #7 type] 
Type domain.Ride is not enhanced.

[2024-12-16 18:24:48 #8 type.registry] 
New type java.util.Vector<java.lang.Object>

[2024-12-16 18:24:48 #9 type.registry] 
New type java.util.Vector<domain.Ride>

[2024-12-16 18:24:48 #10 type.registry] 
New type domain.Traveler

[2024-12-16 18:24:48 #11 type] 
Type domain.Traveler is not enhanced.

------------------------------------------------------------------------------------------------------------------------

[2024-12-16 18:25:44 #1 store] 
Database 'C:\Windows\System32\src\main\resources\rides.temp' is opened by 22104@LAPTOP-ITGLNV29

[2024-12-16 18:25:44 #2 type.registry] 
New type domain.User

[2024-12-16 18:25:44 #3 type.registry] 
New type domain.Driver

[2024-12-16 18:25:44 #4 type] 
Type domain.User is not enhanced.

[2024-12-16 18:25:44 #5 type] 
Type domain.Driver is not enhanced.

[2024-12-16 18:25:44 #6 type.registry] 
New type domain.Ride

[2024-12-16 18:25:44 #7 type] 
Type domain.Ride is not enhanced.

[2024-12-16 18:25:44 #8 type.registry] 
New type java.util.Vector<java.lang.Object>

[2024-12-16 18:25:44 #9 type.registry] 
New type java.util.Vector<domain.Ride>

[2024-12-16 18:25:44 #10 type.registry] 
New type domain.Traveler

[2024-12-16 18:25:44 #11 type] 
Type domain.Traveler is not enhanced.

------------------------------------------------------------------------------------------------------------------------

[2024-12-16 18:30:19 #1 store] 
Database 'C:\Windows\System32\src\main\resources\rides.temp' is opened by 14464@LAPTOP-ITGLNV29

[2024-12-16 18:30:20 #2 type.registry] 
New type domain.User

[2024-12-16 18:30:20 #3 type.registry] 
New type domain.Driver

[2024-12-16 18:30:20 #4 type] 
Type domain.User is not enhanced.

[2024-12-16 18:30:20 #5 type] 
Type domain.Driver is not enhanced.

[2024-12-16 18:30:20 #6 type.registry] 
New type domain.Ride

[2024-12-16 18:30:20 #7 type] 
Type domain.Ride is not enhanced.

[2024-12-16 18:30:20 #8 type.registry] 
New type java.util.Vector<java.lang.Object>

[2024-12-16 18:30:20 #9 type.registry] 
New type java.util.Vector<domain.Ride>

[2024-12-16 18:30:20 #10 type.registry] 
New type domain.Traveler

[2024-12-16 18:30:20 #11 type] 
Type domain.Traveler is not enhanced.

------------------------------------------------------------------------------------------------------------------------

[2024-12-16 19:03:26 #1 store] 
Database 'C:\Windows\System32\src\main\resources\rides.temp' is opened by 2356@LAPTOP-ITGLNV29

[2024-12-16 19:03:26 #2 type.registry] 
New type domain.User

[2024-12-16 19:03:26 #3 type.registry] 
New type domain.Driver

[2024-12-16 19:03:26 #4 type] 
Type domain.User is not enhanced.

[2024-12-16 19:03:26 #5 type] 
Type domain.Driver is not enhanced.

[2024-12-16 19:03:26 #6 type.registry] 
New type domain.Ride

[2024-12-16 19:03:26 #7 type] 
Type domain.Ride is not enhanced.

[2024-12-16 19:03:27 #8 type.registry] 
New type java.util.Vector<java.lang.Object>

[2024-12-16 19:03:27 #9 type.registry] 
New type java.util.Vector<domain.Ride>

[2024-12-16 19:03:27 #10 type.registry] 
New type domain.Traveler

[2024-12-16 19:03:27 #11 type] 
Type domain.Traveler is not enhanced.

------------------------------------------------------------------------------------------------------------------------

[2024-12-16 19:05:41 #1 store] 
Database 'C:\Windows\System32\src\main\resources\rides.temp' is opened by 4000@LAPTOP-ITGLNV29

[2024-12-16 19:05:41 #2 type.registry] 
New type domain.User

[2024-12-16 19:05:41 #3 type.registry] 
New type domain.Driver

[2024-12-16 19:05:41 #4 type] 
Type domain.User is not enhanced.

[2024-12-16 19:05:41 #5 type] 
Type domain.Driver is not enhanced.

[2024-12-16 19:05:41 #6 type.registry] 
New type domain.Ride

[2024-12-16 19:05:41 #7 type] 
Type domain.Ride is not enhanced.

[2024-12-16 19:05:41 #8 type.registry] 
New type java.util.Vector<java.lang.Object>

[2024-12-16 19:05:41 #9 type.registry] 
New type java.util.Vector<domain.Ride>

------------------------------------------------------------------------------------------------------------------------

[2024-12-16 19:06:58 #1 store] 
Database 'C:\Windows\System32\src\main\resources\rides.temp' is opened by 21472@LAPTOP-ITGLNV29

[2024-12-16 19:06:58 #2 type.registry] 
New type domain.User

[2024-12-16 19:06:58 #3 type.registry] 
New type domain.Driver

[2024-12-16 19:06:58 #4 type] 
Type domain.User is not enhanced.

[2024-12-16 19:06:58 #5 type] 
Type domain.Driver is not enhanced.

[2024-12-16 19:06:58 #6 type.registry] 
New type domain.Ride

[2024-12-16 19:06:58 #7 type] 
Type domain.Ride is not enhanced.

[2024-12-16 19:06:58 #8 type.registry] 
New type java.util.Vector<java.lang.Object>

[2024-12-16 19:06:58 #9 type.registry] 
New type java.util.Vector<domain.Ride>

[2024-12-16 19:06:58 #10 type.registry] 
New type domain.Traveler

[2024-12-16 19:06:58 #11 type] 
Type domain.Traveler is not enhanced.

------------------------------------------------------------------------------------------------------------------------

[2024-12-16 19:25:37 #1 store] 
Database 'C:\Windows\System32\src\main\resources\rides.temp' is opened by 23028@LAPTOP-ITGLNV29

[2024-12-16 19:25:38 #2 type.registry] 
New type domain.User

[2024-12-16 19:25:38 #3 type.registry] 
New type domain.Driver

[2024-12-16 19:25:38 #4 type] 
Type domain.User is not enhanced.

[2024-12-16 19:25:38 #5 type] 
Type domain.Driver is not enhanced.

[2024-12-16 19:25:38 #6 type.registry] 
New type domain.Ride

[2024-12-16 19:25:38 #7 type] 
Type domain.Ride is not enhanced.

[2024-12-16 19:25:38 #8 type.registry] 
New type java.util.Vector<java.lang.Object>

[2024-12-16 19:25:38 #9 type.registry] 
New type java.util.Vector<domain.Ride>

------------------------------------------------------------------------------------------------------------------------

[2024-12-16 19:54:22 #1 store] 
Database 'C:\Windows\System32\src\main\resources\rides.temp' is opened by 21172@LAPTOP-ITGLNV29

[2024-12-16 19:54:22 #2 type.registry] 
New type domain.User

[2024-12-16 19:54:22 #3 type.registry] 
New type domain.Driver

[2024-12-16 19:54:22 #4 type] 
Type domain.User is not enhanced.

[2024-12-16 19:54:22 #5 type] 
Type domain.Driver is not enhanced.

[2024-12-16 19:54:22 #6 type.registry] 
New type domain.Ride

[2024-12-16 19:54:22 #7 type] 
Type domain.Ride is not enhanced.

[2024-12-16 19:54:22 #8 type.registry] 
New type java.util.Vector<java.lang.Object>

[2024-12-16 19:54:22 #9 type.registry] 
New type java.util.Vector<domain.Ride>

[2024-12-16 19:54:37 #10 type.registry] 
New type domain.Traveler

[2024-12-16 19:54:37 #11 type] 
Type domain.Traveler is not enhanced.

------------------------------------------------------------------------------------------------------------------------

[2024-12-16 19:56:05 #1 store] 
Database 'C:\Windows\System32\src\main\resources\rides.temp' is opened by 7148@LAPTOP-ITGLNV29

[2024-12-16 19:56:05 #2 type.registry] 
New type domain.User

[2024-12-16 19:56:05 #3 type.registry] 
New type domain.Driver

[2024-12-16 19:56:05 #4 type] 
Type domain.User is not enhanced.

[2024-12-16 19:56:05 #5 type] 
Type domain.Driver is not enhanced.

[2024-12-16 19:56:05 #6 type.registry] 
New type domain.Ride

[2024-12-16 19:56:05 #7 type] 
Type domain.Ride is not enhanced.

[2024-12-16 19:56:05 #8 type.registry] 
New type java.util.Vector<java.lang.Object>

[2024-12-16 19:56:05 #9 type.registry] 
New type java.util.Vector<domain.Ride>

[2024-12-16 19:56:05 #10 type.registry] 
New type domain.Traveler

[2024-12-16 19:56:05 #11 type] 
Type domain.Traveler is not enhanced.

------------------------------------------------------------------------------------------------------------------------

[2024-12-16 19:57:29 #1 store] 
Database 'C:\Windows\System32\src\main\resources\rides.temp' is opened by 16560@LAPTOP-ITGLNV29

[2024-12-16 19:57:29 #2 type.registry] 
New type domain.User

[2024-12-16 19:57:29 #3 type.registry] 
New type domain.Driver

[2024-12-16 19:57:29 #4 type] 
Type domain.User is not enhanced.

[2024-12-16 19:57:29 #5 type] 
Type domain.Driver is not enhanced.

[2024-12-16 19:57:29 #6 type.registry] 
New type domain.Ride

[2024-12-16 19:57:29 #7 type] 
Type domain.Ride is not enhanced.

[2024-12-16 19:57:29 #8 type.registry] 
New type java.util.Vector<java.lang.Object>

[2024-12-16 19:57:29 #9 type.registry] 
New type java.util.Vector<domain.Ride>

[2024-12-16 19:57:29 #10 type.registry] 
New type domain.Traveler

[2024-12-16 19:57:29 #11 type] 
Type domain.Traveler is not enhanced.

------------------------------------------------------------------------------------------------------------------------

[2024-12-16 22:43:30 #1 store] 
Database 'C:\Windows\System32\src\main\resources\rides.temp' is opened by 23000@LAPTOP-ITGLNV29

[2024-12-16 22:43:30 #2 type.registry] 
New type domain.User

[2024-12-16 22:43:30 #3 type.registry] 
New type domain.Driver

[2024-12-16 22:43:30 #4 type] 
Type domain.User is not enhanced.

[2024-12-16 22:43:30 #5 type] 
Type domain.Driver is not enhanced.

[2024-12-16 22:43:30 #6 type.registry] 
New type domain.Ride

[2024-12-16 22:43:30 #7 type] 
Type domain.Ride is not enhanced.

[2024-12-16 22:43:30 #8 type.registry] 
New type java.util.Vector<java.lang.Object>

[2024-12-16 22:43:30 #9 type.registry] 
New type java.util.Vector<domain.Ride>

[2024-12-16 22:43:51 #10 type.registry] 
New type domain.Traveler

[2024-12-16 22:43:51 #11 type] 
Type domain.Traveler is not enhanced.

